  GSCredit.cpp
D:\InterGame\Minigame\TrainingFramework\GSCredit.cpp(27,92): warning C4244: 'argument': conversion from 'float' to 'GLint', possible loss of data
D:\InterGame\Minigame\TrainingFramework\GSCredit.cpp(27,58): warning C4244: 'argument': conversion from 'float' to 'GLint', possible loss of data
C:\Program Files (x86)\Microsoft Visual Studio\2019\Community\VC\Tools\MSVC\14.28.29910\include\xutility(138,73): warning C4244: 'argument': conversion from '_Ty' to 'float', possible loss of data
          with
          [
              _Ty=double
          ]
C:\Program Files (x86)\Microsoft Visual Studio\2019\Community\VC\Tools\MSVC\14.28.29910\include\memory(2194): message : see reference to function template instantiation 'void std::_Construct_in_place<_Ty,std::shared_ptr<Shader>&,std::shared_ptr<Font>&,const char(&)[14],TextColor,double>(_Ty &,std::shared_ptr<Shader> &,std::shared_ptr<Font> &,const char (&)[14],TextColor &&,double &&) noexcept(false)' being compiled
          with
          [
              _Ty=Text
          ]
C:\Program Files (x86)\Microsoft Visual Studio\2019\Community\VC\Tools\MSVC\14.28.29910\include\memory(2907): message : see reference to function template instantiation 'std::_Ref_count_obj2<_Ty>::_Ref_count_obj2<std::shared_ptr<Shader>&,std::shared_ptr<Font>&,const char(&)[14],TextColor,double>(std::shared_ptr<Shader> &,std::shared_ptr<Font> &,const char (&)[14],TextColor &&,double &&)' being compiled
          with
          [
              _Ty=Text
          ]
C:\Program Files (x86)\Microsoft Visual Studio\2019\Community\VC\Tools\MSVC\14.28.29910\include\memory(2907): message : see reference to function template instantiation 'std::_Ref_count_obj2<_Ty>::_Ref_count_obj2<std::shared_ptr<Shader>&,std::shared_ptr<Font>&,const char(&)[14],TextColor,double>(std::shared_ptr<Shader> &,std::shared_ptr<Font> &,const char (&)[14],TextColor &&,double &&)' being compiled
          with
          [
              _Ty=Text
          ]
D:\InterGame\Minigame\TrainingFramework\GSCredit.cpp(43): message : see reference to function template instantiation 'std::shared_ptr<Text> std::make_shared<Text,std::shared_ptr<Shader>&,std::shared_ptr<Font>&,const char(&)[14],TextColor,double>(std::shared_ptr<Shader> &,std::shared_ptr<Font> &,const char (&)[14],TextColor &&,double &&)' being compiled
  Application.cpp
C:\Program Files (x86)\Microsoft Visual Studio\2019\Community\VC\Tools\MSVC\14.28.29910\include\xutility(138,73): warning C4244: 'argument': conversion from 'int' to 'GLfloat', possible loss of data
C:\Program Files (x86)\Microsoft Visual Studio\2019\Community\VC\Tools\MSVC\14.28.29910\include\memory(2194): message : see reference to function template instantiation 'void std::_Construct_in_place<_Ty,int,int,int&,int,int&,float,float,float>(_Ty &,int &&,int &&,int &,int &&,int &,float &&,float &&,float &&) noexcept(false)' being compiled
          with
          [
              _Ty=Camera
          ]
C:\Program Files (x86)\Microsoft Visual Studio\2019\Community\VC\Tools\MSVC\14.28.29910\include\memory(2907): message : see reference to function template instantiation 'std::_Ref_count_obj2<_Ty>::_Ref_count_obj2<int,int,int&,int,int&,float,float,float>(int &&,int &&,int &,int &&,int &,float &&,float &&,float &&)' being compiled
          with
          [
              _Ty=Camera
          ]
C:\Program Files (x86)\Microsoft Visual Studio\2019\Community\VC\Tools\MSVC\14.28.29910\include\memory(2907): message : see reference to function template instantiation 'std::_Ref_count_obj2<_Ty>::_Ref_count_obj2<int,int,int&,int,int&,float,float,float>(int &&,int &&,int &,int &&,int &,float &&,float &&,float &&)' being compiled
          with
          [
              _Ty=Camera
          ]
D:\InterGame\Minigame\TrainingFramework\src\Application.cpp(20): message : see reference to function template instantiation 'std::shared_ptr<Camera> std::make_shared<Camera,int,int,int&,int,int&,float,float,float>(int &&,int &&,int &,int &&,int &,float &&,float &&,float &&)' being compiled
C:\Program Files (x86)\Microsoft Visual Studio\2019\Community\VC\Tools\MSVC\14.28.29910\include\xutility(138,73): warning C4244: 'argument': conversion from '_Ty' to 'GLfloat', possible loss of data
          with
          [
              _Ty=int
          ]
  ResourceManagers.cpp
  Font.cpp
  GameButton.cpp
  Sprite2D.cpp
D:\InterGame\Minigame\TrainingFramework\src\GameObject\Sprite2D.cpp(213,9): warning C4244: 'initializing': conversion from 'GLfloat' to 'int', possible loss of data
D:\InterGame\Minigame\TrainingFramework\src\GameObject\Sprite2D.cpp(214,9): warning C4244: 'initializing': conversion from 'GLfloat' to 'int', possible loss of data
D:\InterGame\Minigame\TrainingFramework\src\GameObject\Sprite2D.cpp(218,16): warning C4244: '=': conversion from 'double' to 'int', possible loss of data
D:\InterGame\Minigame\TrainingFramework\src\GameObject\Sprite2D.cpp(219,16): warning C4244: '=': conversion from 'double' to 'int', possible loss of data
D:\InterGame\Minigame\TrainingFramework\src\GameObject\Sprite2D.cpp(223,12): warning C4244: 'initializing': conversion from 'GLfloat' to 'int', possible loss of data
D:\InterGame\Minigame\TrainingFramework\src\GameObject\Sprite2D.cpp(224,12): warning C4244: 'initializing': conversion from 'GLfloat' to 'int', possible loss of data
D:\InterGame\Minigame\TrainingFramework\src\GameObject\Sprite2D.cpp(230,19): warning C4244: '=': conversion from 'double' to 'int', possible loss of data
D:\InterGame\Minigame\TrainingFramework\src\GameObject\Sprite2D.cpp(231,19): warning C4244: '=': conversion from 'double' to 'int', possible loss of data
  Camera.cpp
  Sprite3D.cpp
  Model.cpp
D:\InterGame\Minigame\TrainingFramework\src\GameObject\Model.cpp(25,18): warning C4244: 'initializing': conversion from 'std::streamoff' to 'size_t', possible loss of data
  Shader.cpp
  Text.cpp
  Texture.cpp
  GameStateBase.cpp
D:\InterGame\Minigame\TrainingFramework\src\GameStates\GSPlay.h(9,1): warning C4005: 'KEY_RIGHT': macro redefinition
D:\InterGame\Minigame\TrainingFramework\src\GameConfig.h(97): message : see previous definition of 'KEY_RIGHT'
D:\InterGame\Minigame\TrainingFramework\src\GameStates\GSPlay.h(10,1): warning C4005: 'KEY_LEFT': macro redefinition
D:\InterGame\Minigame\TrainingFramework\src\GameConfig.h(96): message : see previous definition of 'KEY_LEFT'
D:\InterGame\Minigame\TrainingFramework\src\GameStates\GSPlay.h(11,1): warning C4005: 'KEY_UP': macro redefinition
D:\InterGame\Minigame\TrainingFramework\src\GameConfig.h(98): message : see previous definition of 'KEY_UP'
D:\InterGame\Minigame\TrainingFramework\src\GameStates\GSPlay.h(12,1): warning C4005: 'KEY_DOWN': macro redefinition
D:\InterGame\Minigame\TrainingFramework\src\GameConfig.h(99): message : see previous definition of 'KEY_DOWN'
  GameStateMachine.cpp
  GSIntro.cpp
D:\InterGame\Minigame\TrainingFramework\src\GameStates\GSIntro.cpp(20,83): warning C4244: 'argument': conversion from 'float' to 'GLint', possible loss of data
D:\InterGame\Minigame\TrainingFramework\src\GameStates\GSIntro.cpp(20,51): warning C4244: 'argument': conversion from 'float' to 'GLint', possible loss of data
  GSMenu.cpp
D:\InterGame\Minigame\TrainingFramework\src\GameStates\GSMenu.cpp(75,67): warning C4244: 'argument': conversion from 'int' to 'GLfloat', possible loss of data
D:\InterGame\Minigame\TrainingFramework\src\GameStates\GSMenu.cpp(76,68): warning C4244: 'argument': conversion from 'int' to 'GLfloat', possible loss of data
D:\InterGame\Minigame\TrainingFramework\src\GameStates\GSMenu.cpp(77,69): warning C4244: 'argument': conversion from 'int' to 'GLfloat', possible loss of data
D:\InterGame\Minigame\TrainingFramework\src\GameStates\GSMenu.cpp(78,68): warning C4244: 'argument': conversion from 'int' to 'GLfloat', possible loss of data
  GSPlay.cpp
D:\InterGame\Minigame\TrainingFramework\src\GameStates\GSPlay.h(9,1): warning C4005: 'KEY_RIGHT': macro redefinition
D:\InterGame\Minigame\TrainingFramework\src\GameConfig.h(97): message : see previous definition of 'KEY_RIGHT'
D:\InterGame\Minigame\TrainingFramework\src\GameStates\GSPlay.h(10,1): warning C4005: 'KEY_LEFT': macro redefinition
D:\InterGame\Minigame\TrainingFramework\src\GameConfig.h(96): message : see previous definition of 'KEY_LEFT'
D:\InterGame\Minigame\TrainingFramework\src\GameStates\GSPlay.h(11,1): warning C4005: 'KEY_UP': macro redefinition
D:\InterGame\Minigame\TrainingFramework\src\GameConfig.h(98): message : see previous definition of 'KEY_UP'
D:\InterGame\Minigame\TrainingFramework\src\GameStates\GSPlay.h(12,1): warning C4005: 'KEY_DOWN': macro redefinition
D:\InterGame\Minigame\TrainingFramework\src\GameConfig.h(99): message : see previous definition of 'KEY_DOWN'
D:\InterGame\Minigame\TrainingFramework\src\GameStates\GSPlay.cpp(41,92): warning C4244: 'argument': conversion from 'float' to 'GLint', possible loss of data
D:\InterGame\Minigame\TrainingFramework\src\GameStates\GSPlay.cpp(41,58): warning C4244: 'argument': conversion from 'float' to 'GLint', possible loss of data
D:\InterGame\Minigame\TrainingFramework\src\GameStates\GSPlay.cpp(48,33): warning C4244: 'argument': conversion from 'double' to 'GLint', possible loss of data
D:\InterGame\Minigame\TrainingFramework\src\GameStates\GSPlay.cpp(48,26): warning C4244: 'argument': conversion from 'double' to 'GLint', possible loss of data
D:\InterGame\Minigame\TrainingFramework\src\GameStates\GSPlay.cpp(53,22): warning C4244: '=': conversion from 'int' to 'GLfloat', possible loss of data
D:\InterGame\Minigame\TrainingFramework\src\GameStates\GSPlay.cpp(54,35): warning C4244: '=': conversion from 'double' to 'GLfloat', possible loss of data
D:\InterGame\Minigame\TrainingFramework\src\GameStates\GSPlay.cpp(121,42): warning C4244: 'argument': conversion from 'GLfloat' to 'GLint', possible loss of data
D:\InterGame\Minigame\TrainingFramework\src\GameStates\GSPlay.cpp(121,33): warning C4244: 'argument': conversion from 'GLfloat' to 'GLint', possible loss of data
D:\InterGame\Minigame\TrainingFramework\src\GameStates\GSPlay.cpp(137,42): warning C4244: 'argument': conversion from 'GLfloat' to 'GLint', possible loss of data
D:\InterGame\Minigame\TrainingFramework\src\GameStates\GSPlay.cpp(137,33): warning C4244: 'argument': conversion from 'GLfloat' to 'GLint', possible loss of data
D:\InterGame\Minigame\TrainingFramework\src\GameStates\GSPlay.cpp(150,40): warning C4244: 'argument': conversion from 'GLfloat' to 'GLint', possible loss of data
D:\InterGame\Minigame\TrainingFramework\src\GameStates\GSPlay.cpp(150,32): warning C4244: 'argument': conversion from 'GLfloat' to 'GLint', possible loss of data
D:\InterGame\Minigame\TrainingFramework\src\GameStates\GSPlay.cpp(164,40): warning C4244: 'argument': conversion from 'GLfloat' to 'GLint', possible loss of data
D:\InterGame\Minigame\TrainingFramework\src\GameStates\GSPlay.cpp(164,32): warning C4244: 'argument': conversion from 'GLfloat' to 'GLint', possible loss of data
D:\InterGame\Minigame\TrainingFramework\src\GameStates\GSPlay.cpp(179,39): warning C4244: 'argument': conversion from 'GLfloat' to 'GLint', possible loss of data
D:\InterGame\Minigame\TrainingFramework\src\GameStates\GSPlay.cpp(179,31): warning C4244: 'argument': conversion from 'GLfloat' to 'GLint', possible loss of data
D:\InterGame\Minigame\TrainingFramework\src\GameStates\GSPlay.cpp(203,41): warning C4244: 'argument': conversion from 'GLfloat' to 'GLint', possible loss of data
D:\InterGame\Minigame\TrainingFramework\src\GameStates\GSPlay.cpp(203,32): warning C4244: 'argument': conversion from 'GLfloat' to 'GLint', possible loss of data
D:\InterGame\Minigame\TrainingFramework\src\GameStates\GSPlay.cpp(221,37): warning C4244: '=': conversion from 'double' to 'GLfloat', possible loss of data
D:\InterGame\Minigame\TrainingFramework\src\GameStates\GSPlay.cpp(237,39): warning C4244: 'argument': conversion from 'GLfloat' to 'GLint', possible loss of data
D:\InterGame\Minigame\TrainingFramework\src\GameStates\GSPlay.cpp(237,31): warning C4244: 'argument': conversion from 'GLfloat' to 'GLint', possible loss of data
D:\InterGame\Minigame\TrainingFramework\src\GameStates\GSPlay.cpp(254,20): warning C4018: '<': signed/unsigned mismatch
D:\InterGame\Minigame\TrainingFramework\src\GameStates\GSPlay.cpp(271,20): warning C4018: '<': signed/unsigned mismatch
D:\InterGame\Minigame\TrainingFramework\src\GameStates\GSPlay.cpp(284,24): warning C4244: '=': conversion from 'int' to 'GLfloat', possible loss of data
D:\InterGame\Minigame\TrainingFramework\src\GameStates\GSPlay.cpp(285,37): warning C4244: '=': conversion from 'double' to 'GLfloat', possible loss of data
D:\InterGame\Minigame\TrainingFramework\src\GameStates\GSPlay.cpp(313,22): warning C4018: '<': signed/unsigned mismatch
D:\InterGame\Minigame\TrainingFramework\src\GameStates\GSPlay.cpp(318,21): warning C4018: '<': signed/unsigned mismatch
C:\Program Files (x86)\Microsoft Visual Studio\2019\Community\VC\Tools\MSVC\14.28.29910\include\xutility(138,73): warning C4244: 'argument': conversion from '_Ty' to 'float', possible loss of data
          with
          [
              _Ty=double
          ]
C:\Program Files (x86)\Microsoft Visual Studio\2019\Community\VC\Tools\MSVC\14.28.29910\include\memory(2194): message : see reference to function template instantiation 'void std::_Construct_in_place<_Ty,std::shared_ptr<Shader>&,std::shared_ptr<Font>&,const char(&)[10],TextColor,double>(_Ty &,std::shared_ptr<Shader> &,std::shared_ptr<Font> &,const char (&)[10],TextColor &&,double &&) noexcept(false)' being compiled
          with
          [
              _Ty=Text
          ]
C:\Program Files (x86)\Microsoft Visual Studio\2019\Community\VC\Tools\MSVC\14.28.29910\include\memory(2907): message : see reference to function template instantiation 'std::_Ref_count_obj2<_Ty>::_Ref_count_obj2<std::shared_ptr<Shader>&,std::shared_ptr<Font>&,const char(&)[10],TextColor,double>(std::shared_ptr<Shader> &,std::shared_ptr<Font> &,const char (&)[10],TextColor &&,double &&)' being compiled
          with
          [
              _Ty=Text
          ]
C:\Program Files (x86)\Microsoft Visual Studio\2019\Community\VC\Tools\MSVC\14.28.29910\include\memory(2907): message : see reference to function template instantiation 'std::_Ref_count_obj2<_Ty>::_Ref_count_obj2<std::shared_ptr<Shader>&,std::shared_ptr<Font>&,const char(&)[10],TextColor,double>(std::shared_ptr<Shader> &,std::shared_ptr<Font> &,const char (&)[10],TextColor &&,double &&)' being compiled
          with
          [
              _Ty=Text
          ]
D:\InterGame\Minigame\TrainingFramework\src\GameStates\GSPlay.cpp(83): message : see reference to function template instantiation 'std::shared_ptr<Text> std::make_shared<Text,std::shared_ptr<Shader>&,std::shared_ptr<Font>&,const char(&)[10],TextColor,double>(std::shared_ptr<Shader> &,std::shared_ptr<Font> &,const char (&)[10],TextColor &&,double &&)' being compiled
  TrainingFramework.cpp
  Generating Code...
GSCredit.obj : warning LNK4075: ignoring '/EDITANDCONTINUE' due to '/SAFESEH' specification
  TrainingFramework.vcxproj -> D:\InterGame\Minigame\BIN-Nvidia\TrainingFramework.exe
